Using pre-set license
Built from '2022.3/staging' branch; Version is '2022.3.9f1 (ea401c316338) revision 15351836'; Using compiler version '192829333'; Build Type 'Release'
OS: 'Windows 11  (10.0.22631) 64bit Professional' Language: 'ko' Physical Memory: 16112 MB
BatchMode: 1, IsHumanControllingUs: 0, StartBugReporterOnCrash: 0, Is64bit: 1, IsPro: 1

COMMAND LINE ARGUMENTS:
C:\Program Files\Unity\Hub\Editor\2022.3.9f1\Editor\Unity.exe
-adb2
-batchMode
-noUpm
-name
AssetImportWorker0
-projectPath
C:/My/UnityStudy/01_PrefabBrushTool/PrefabBrushTool
-logFile
Logs/AssetImportWorker0.log
-srvPort
54749
Successfully changed project path to: C:/My/UnityStudy/01_PrefabBrushTool/PrefabBrushTool
C:/My/UnityStudy/01_PrefabBrushTool/PrefabBrushTool
[UnityMemory] Configuration Parameters - Can be set up in boot.config
    "memorysetup-bucket-allocator-granularity=16"
    "memorysetup-bucket-allocator-bucket-count=8"
    "memorysetup-bucket-allocator-block-size=33554432"
    "memorysetup-bucket-allocator-block-count=8"
    "memorysetup-main-allocator-block-size=16777216"
    "memorysetup-thread-allocator-block-size=16777216"
    "memorysetup-gfx-main-allocator-block-size=16777216"
    "memorysetup-gfx-thread-allocator-block-size=16777216"
    "memorysetup-cache-allocator-block-size=4194304"
    "memorysetup-typetree-allocator-block-size=2097152"
    "memorysetup-profiler-bucket-allocator-granularity=16"
    "memorysetup-profiler-bucket-allocator-bucket-count=8"
    "memorysetup-profiler-bucket-allocator-block-size=33554432"
    "memorysetup-profiler-bucket-allocator-block-count=8"
    "memorysetup-profiler-allocator-block-size=16777216"
    "memorysetup-profiler-editor-allocator-block-size=1048576"
    "memorysetup-temp-allocator-size-main=16777216"
    "memorysetup-job-temp-allocator-block-size=2097152"
    "memorysetup-job-temp-allocator-block-size-background=1048576"
    "memorysetup-job-temp-allocator-reduction-small-platforms=262144"
    "memorysetup-allocator-temp-initial-block-size-main=262144"
    "memorysetup-allocator-temp-initial-block-size-worker=262144"
    "memorysetup-temp-allocator-size-background-worker=32768"
    "memorysetup-temp-allocator-size-job-worker=262144"
    "memorysetup-temp-allocator-size-preload-manager=33554432"
    "memorysetup-temp-allocator-size-nav-mesh-worker=65536"
    "memorysetup-temp-allocator-size-audio-worker=65536"
    "memorysetup-temp-allocator-size-cloud-worker=32768"
    "memorysetup-temp-allocator-size-gi-baking-worker=262144"
    "memorysetup-temp-allocator-size-gfx=262144"
Player connection [22092] Host "[IP] 192.168.0.158 [Port] 0 [Flags] 2 [Guid] 1056416986 [EditorId] 1056416986 [Version] 1048832 [Id] WindowsEditor(7,qqOOpp) [Debug] 1 [PackageName] WindowsEditor [ProjectName] Editor" joined multi-casting on [225.0.0.222:54997]...

Player connection [22092] Host "[IP] 192.168.0.158 [Port] 0 [Flags] 2 [Guid] 1056416986 [EditorId] 1056416986 [Version] 1048832 [Id] WindowsEditor(7,qqOOpp) [Debug] 1 [PackageName] WindowsEditor [ProjectName] Editor" joined alternative multi-casting on [225.0.0.222:34997]...

[Physics::Module] Initialized MultithreadedJobDispatcher with 7 workers.
Refreshing native plugins compatible for Editor in 20.45 ms, found 3 plugins.
Preloading 0 native plugins for Editor in 0.00 ms.
Initialize engine version: 2022.3.9f1 (ea401c316338)
[Subsystems] Discovering subsystems at path C:/Program Files/Unity/Hub/Editor/2022.3.9f1/Editor/Data/Resources/UnitySubsystems
[Subsystems] Discovering subsystems at path C:/My/UnityStudy/01_PrefabBrushTool/PrefabBrushTool/Assets
GfxDevice: creating device client; threaded=0; jobified=0
Direct3D:
    Version:  Direct3D 11.0 [level 11.1]
    Renderer: Intel(R) Iris(R) Xe Graphics (ID=0x9a49)
    Vendor:   Intel
    VRAM:     8056 MB
    Driver:   31.0.101.4255
Initialize mono
Mono path[0] = 'C:/Program Files/Unity/Hub/Editor/2022.3.9f1/Editor/Data/Managed'
Mono path[1] = 'C:/Program Files/Unity/Hub/Editor/2022.3.9f1/Editor/Data/MonoBleedingEdge/lib/mono/unityjit-win32'
Mono config path = 'C:/Program Files/Unity/Hub/Editor/2022.3.9f1/Editor/Data/MonoBleedingEdge/etc'
Using monoOptions --debugger-agent=transport=dt_socket,embedding=1,server=y,suspend=n,address=127.0.0.1:56088
Begin MonoManager ReloadAssembly
Registering precompiled unity dll's ...
Register platform support module: C:/Program Files/Unity/Hub/Editor/2022.3.9f1/Editor/Data/PlaybackEngines/WebGLSupport/UnityEditor.WebGL.Extensions.dll
Register platform support module: C:/Program Files/Unity/Hub/Editor/2022.3.9f1/Editor/Data/PlaybackEngines/WindowsStandaloneSupport/UnityEditor.WindowsStandalone.Extensions.dll
Registered in 0.146145 seconds.
- Loaded All Assemblies, in  6.718 seconds
Native extension for WindowsStandalone target not found
Native extension for WebGL target not found
Mono: successfully reloaded assembly
- Finished resetting the current domain, in  2.700 seconds
Domain Reload Profiling: 9403ms
	BeginReloadAssembly (953ms)
		ExecutionOrderSort (0ms)
		DisableScriptedObjects (0ms)
		BackupInstance (0ms)
		ReleaseScriptingObjects (0ms)
		CreateAndSetChildDomain (2ms)
	RebuildCommonClasses (200ms)
	RebuildNativeTypeToScriptingClass (71ms)
	initialDomainReloadingComplete (2040ms)
	LoadAllAssembliesAndSetupDomain (3439ms)
		LoadAssemblies (945ms)
		RebuildTransferFunctionScriptingTraits (0ms)
		AnalyzeDomain (3430ms)
			TypeCache.Refresh (3425ms)
				TypeCache.ScanAssembly (3377ms)
			ScanForSourceGeneratedMonoScriptInfo (2ms)
			ResolveRequiredComponents (2ms)
	FinalizeReload (2701ms)
		ReleaseScriptCaches (0ms)
		RebuildScriptCaches (0ms)
		SetupLoadedEditorAssemblies (1163ms)
			LogAssemblyErrors (0ms)
			InitializePlatformSupportModulesInManaged (203ms)
			SetLoadedEditorAssemblies (41ms)
			RefreshPlugins (0ms)
			BeforeProcessingInitializeOnLoad (10ms)
			ProcessInitializeOnLoadAttributes (529ms)
			ProcessInitializeOnLoadMethodAttributes (380ms)
			AfterProcessingInitializeOnLoad (0ms)
			EditorAssembliesLoaded (0ms)
		ExecutionOrderSort2 (0ms)
		AwakeInstancesAfterBackupRestoration (0ms)
========================================================================
Worker process is ready to serve import requests
Begin MonoManager ReloadAssembly
- Loaded All Assemblies, in  5.784 seconds
Refreshing native plugins compatible for Editor in 18.45 ms, found 3 plugins.
Native extension for WindowsStandalone target not found
Native extension for WebGL target not found
Package Manager log level set to [2]
[Package Manager] Server::EnsureServerProcessIsRunning -- launch failed, reason: Unity was launched with the -noUpm command-line argument
[Package Manager] UpmClient::Send -- Unable to send message (not connected to UPM process).
[Package Manager] Cannot connect to Unity Package Manager local server
Mono: successfully reloaded assembly
- Finished resetting the current domain, in  1.806 seconds
Domain Reload Profiling: 7575ms
	BeginReloadAssembly (4259ms)
		ExecutionOrderSort (0ms)
		DisableScriptedObjects (144ms)
		BackupInstance (0ms)
		ReleaseScriptingObjects (1ms)
		CreateAndSetChildDomain (94ms)
	RebuildCommonClasses (142ms)
	RebuildNativeTypeToScriptingClass (42ms)
	initialDomainReloadingComplete (161ms)
	LoadAllAssembliesAndSetupDomain (1163ms)
		LoadAssemblies (3212ms)
		RebuildTransferFunctionScriptingTraits (0ms)
		AnalyzeDomain (520ms)
			TypeCache.Refresh (433ms)
				TypeCache.ScanAssembly (401ms)
			ScanForSourceGeneratedMonoScriptInfo (68ms)
			ResolveRequiredComponents (16ms)
	FinalizeReload (1808ms)
		ReleaseScriptCaches (0ms)
		RebuildScriptCaches (0ms)
		SetupLoadedEditorAssemblies (1329ms)
			LogAssemblyErrors (0ms)
			InitializePlatformSupportModulesInManaged (19ms)
			SetLoadedEditorAssemblies (7ms)
			RefreshPlugins (0ms)
			BeforeProcessingInitializeOnLoad (204ms)
			ProcessInitializeOnLoadAttributes (1000ms)
			ProcessInitializeOnLoadMethodAttributes (64ms)
			AfterProcessingInitializeOnLoad (34ms)
			EditorAssembliesLoaded (0ms)
		ExecutionOrderSort2 (0ms)
		AwakeInstancesAfterBackupRestoration (39ms)
Launched and connected shader compiler UnityShaderCompiler.exe after 0.08 seconds
Refreshing native plugins compatible for Editor in 13.98 ms, found 3 plugins.
Preloading 0 native plugins for Editor in 0.00 ms.
Unloading 3075 Unused Serialized files (Serialized files now loaded: 0)
Unloading 31 unused Assets / (56.4 KB). Loaded Objects now: 3537.
Memory consumption went from 114.7 MB to 114.6 MB.
Total: 7.342800 ms (FindLiveObjects: 0.517900 ms CreateObjectMapping: 0.304000 ms MarkObjects: 6.349000 ms  DeleteObjects: 0.169200 ms)

AssetImportParameters requested are different than current active one (requested -> active):
  custom:container-demuxer-ogg: 62fdf1f143b41e24485cea50d1cbac27 -> 
  custom:video-codec-MediaFoundation-h265: 746d11721c4dcdbdad8f713fa42b33f4 -> 
  custom:video-decoder-ogg-theora: a1e56fd34408186e4bbccfd4996cb3dc -> 
  custom:framework-win-MediaFoundation: 216162199b28c13a410421893ffa2e32 -> 
  custom:CustomObjectIndexerAttribute: 756ad292c208cfabdd7b50bc23989ffe -> 
  custom:container-demuxer-webm: 4f35f7cbe854078d1ac9338744f61a02 -> 
  custom:container-muxer-webm: aa71ff27fc2769a1b78a27578f13a17b -> 
  custom:video-decoder-webm-vp8: 9c59270c3fd7afecdb556c50c9e8de78 -> 
  custom:SearchIndexIgnoredProperties: e643bd26f0fe6173181afceb89e7c659 -> 
  custom:AudioImporter_EditorPlatform: d09bf68614088b80899f8185d706f6e7 -> 
  custom:video-encoder-webm-vp8: eb34c28f22e8b96e1ab97ce403110664 -> 
  custom:audio-decoder-ogg-vorbis: bf7c407c2cedff20999df2af8eb42d56 -> 
  custom:audio-encoder-webm-vorbis: bf7c407c2cedff20999df2af8eb42d56 -> 
========================================================================
Received Import Request.
  Time since last request: 55257.437108 seconds.
  path: Assets/Editor/PrefabBrush.cs
  artifactKey: Guid(efe35ae469c512b41991fefcba605e76) Importer(815301076,1909f56bfc062723c751e8b465ee728b)
Start importing Assets/Editor/PrefabBrush.cs using Guid(efe35ae469c512b41991fefcba605e76) Importer(815301076,1909f56bfc062723c751e8b465ee728b)  -> (artifact id: '8919fb5a0dbc8c47f527eab40c0276ee') in 0.005454 seconds
Number of updated asset objects reloaded before import = 0
Number of asset objects unloaded after import = 0
========================================================================
Received Import Request.
  Time since last request: 158.428380 seconds.
  path: Assets/Editor/PrefabBrush.cs
  artifactKey: Guid(efe35ae469c512b41991fefcba605e76) Importer(815301076,1909f56bfc062723c751e8b465ee728b)
Start importing Assets/Editor/PrefabBrush.cs using Guid(efe35ae469c512b41991fefcba605e76) Importer(815301076,1909f56bfc062723c751e8b465ee728b)  -> (artifact id: '7864562c442671c05df8d9488d1c2ee0') in 0.001891 seconds
Number of updated asset objects reloaded before import = 0
Number of asset objects unloaded after import = 0
========================================================================
Received Import Request.
  Time since last request: 97.017370 seconds.
  path: Assets/Editor/PrefabBrush.cs
  artifactKey: Guid(efe35ae469c512b41991fefcba605e76) Importer(815301076,1909f56bfc062723c751e8b465ee728b)
Start importing Assets/Editor/PrefabBrush.cs using Guid(efe35ae469c512b41991fefcba605e76) Importer(815301076,1909f56bfc062723c751e8b465ee728b)  -> (artifact id: 'b6afcfff9eb612b424cad088752db138') in 0.001062 seconds
Number of updated asset objects reloaded before import = 0
Number of asset objects unloaded after import = 0
========================================================================
Received Import Request.
  Time since last request: 559.818997 seconds.
  path: Assets/Editor/PrefabBrush.cs
  artifactKey: Guid(efe35ae469c512b41991fefcba605e76) Importer(815301076,1909f56bfc062723c751e8b465ee728b)
Start importing Assets/Editor/PrefabBrush.cs using Guid(efe35ae469c512b41991fefcba605e76) Importer(815301076,1909f56bfc062723c751e8b465ee728b)  -> (artifact id: 'e68b0b6604a0b759b140c27493393890') in 0.001293 seconds
Number of updated asset objects reloaded before import = 0
Number of asset objects unloaded after import = 0
========================================================================
Received Import Request.
  Time since last request: 162.019935 seconds.
  path: Assets/Editor/PrefabBrush.cs
  artifactKey: Guid(efe35ae469c512b41991fefcba605e76) Importer(815301076,1909f56bfc062723c751e8b465ee728b)
Start importing Assets/Editor/PrefabBrush.cs using Guid(efe35ae469c512b41991fefcba605e76) Importer(815301076,1909f56bfc062723c751e8b465ee728b)  -> (artifact id: '9fe4a429701baa8e54c14277a69fef8e') in 0.000725 seconds
Number of updated asset objects reloaded before import = 0
Number of asset objects unloaded after import = 0
========================================================================
Received Import Request.
  Time since last request: 45.032228 seconds.
  path: Assets/Editor/PrefabBrush.cs
  artifactKey: Guid(efe35ae469c512b41991fefcba605e76) Importer(815301076,1909f56bfc062723c751e8b465ee728b)
Start importing Assets/Editor/PrefabBrush.cs using Guid(efe35ae469c512b41991fefcba605e76) Importer(815301076,1909f56bfc062723c751e8b465ee728b)  -> (artifact id: 'e170b2a2820c141aa42526049f8b3619') in 0.001664 seconds
Number of updated asset objects reloaded before import = 0
Number of asset objects unloaded after import = 0
========================================================================
Received Import Request.
  Time since last request: 84.081437 seconds.
  path: Assets/Editor/PrefabBrush.cs
  artifactKey: Guid(efe35ae469c512b41991fefcba605e76) Importer(815301076,1909f56bfc062723c751e8b465ee728b)
Start importing Assets/Editor/PrefabBrush.cs using Guid(efe35ae469c512b41991fefcba605e76) Importer(815301076,1909f56bfc062723c751e8b465ee728b)  -> (artifact id: 'c9acf14662e699b3ced2019246b605d8') in 0.001788 seconds
Number of updated asset objects reloaded before import = 0
Number of asset objects unloaded after import = 0
========================================================================
Received Import Request.
  Time since last request: 20.372018 seconds.
  path: Assets/Editor/PrefabBrush.cs
  artifactKey: Guid(efe35ae469c512b41991fefcba605e76) Importer(815301076,1909f56bfc062723c751e8b465ee728b)
Start importing Assets/Editor/PrefabBrush.cs using Guid(efe35ae469c512b41991fefcba605e76) Importer(815301076,1909f56bfc062723c751e8b465ee728b)  -> (artifact id: '434b7472257890d929e801e17c1250b7') in 0.001571 seconds
Number of updated asset objects reloaded before import = 0
Number of asset objects unloaded after import = 0
========================================================================
Received Prepare
Begin MonoManager ReloadAssembly
- Loaded All Assemblies, in  0.576 seconds
Refreshing native plugins compatible for Editor in 4.53 ms, found 3 plugins.
Native extension for WindowsStandalone target not found
Native extension for WebGL target not found
[Package Manager] Server::EnsureServerProcessIsRunning -- launch failed, reason: Unity was launched with the -noUpm command-line argument
[Package Manager] UpmClient::Send -- Unable to send message (not connected to UPM process).
[Package Manager] Cannot connect to Unity Package Manager local server
Mono: successfully reloaded assembly
- Finished resetting the current domain, in  1.127 seconds
Domain Reload Profiling: 1701ms
	BeginReloadAssembly (196ms)
		ExecutionOrderSort (0ms)
		DisableScriptedObjects (7ms)
		BackupInstance (0ms)
		ReleaseScriptingObjects (0ms)
		CreateAndSetChildDomain (42ms)
	RebuildCommonClasses (49ms)
	RebuildNativeTypeToScriptingClass (12ms)
	initialDomainReloadingComplete (42ms)
	LoadAllAssembliesAndSetupDomain (275ms)
		LoadAssemblies (358ms)
		RebuildTransferFunctionScriptingTraits (0ms)
		AnalyzeDomain (26ms)
			TypeCache.Refresh (9ms)
				TypeCache.ScanAssembly (0ms)
			ScanForSourceGeneratedMonoScriptInfo (9ms)
			ResolveRequiredComponents (6ms)
	FinalizeReload (1128ms)
		ReleaseScriptCaches (0ms)
		RebuildScriptCaches (0ms)
		SetupLoadedEditorAssemblies (441ms)
			LogAssemblyErrors (0ms)
			InitializePlatformSupportModulesInManaged (18ms)
			SetLoadedEditorAssemblies (7ms)
			RefreshPlugins (0ms)
			BeforeProcessingInitializeOnLoad (74ms)
			ProcessInitializeOnLoadAttributes (314ms)
			ProcessInitializeOnLoadMethodAttributes (20ms)
			AfterProcessingInitializeOnLoad (8ms)
			EditorAssembliesLoaded (0ms)
		ExecutionOrderSort2 (0ms)
		AwakeInstancesAfterBackupRestoration (17ms)
Refreshing native plugins compatible for Editor in 3.15 ms, found 3 plugins.
Preloading 0 native plugins for Editor in 0.00 ms.
Unloading 3067 Unused Serialized files (Serialized files now loaded: 0)
Unloading 22 unused Assets / (30.5 KB). Loaded Objects now: 3540.
Memory consumption went from 113.5 MB to 113.5 MB.
Total: 2.462600 ms (FindLiveObjects: 0.198300 ms CreateObjectMapping: 0.091100 ms MarkObjects: 2.114000 ms  DeleteObjects: 0.058000 ms)

Prepare: number of updated asset objects reloaded= 0
AssetImportParameters requested are different than current active one (requested -> active):
  custom:container-demuxer-ogg: 62fdf1f143b41e24485cea50d1cbac27 -> 
  custom:video-codec-MediaFoundation-h265: 746d11721c4dcdbdad8f713fa42b33f4 -> 
  custom:video-decoder-ogg-theora: a1e56fd34408186e4bbccfd4996cb3dc -> 
  custom:framework-win-MediaFoundation: 216162199b28c13a410421893ffa2e32 -> 
  custom:CustomObjectIndexerAttribute: 756ad292c208cfabdd7b50bc23989ffe -> 
  custom:container-demuxer-webm: 4f35f7cbe854078d1ac9338744f61a02 -> 
  custom:container-muxer-webm: aa71ff27fc2769a1b78a27578f13a17b -> 
  custom:video-decoder-webm-vp8: 9c59270c3fd7afecdb556c50c9e8de78 -> 
  custom:SearchIndexIgnoredProperties: e643bd26f0fe6173181afceb89e7c659 -> 
  custom:AudioImporter_EditorPlatform: d09bf68614088b80899f8185d706f6e7 -> 
  custom:video-encoder-webm-vp8: eb34c28f22e8b96e1ab97ce403110664 -> 
  custom:audio-decoder-ogg-vorbis: bf7c407c2cedff20999df2af8eb42d56 -> 
  custom:audio-encoder-webm-vorbis: bf7c407c2cedff20999df2af8eb42d56 -> 
========================================================================
Received Import Request.
  Time since last request: 61.445727 seconds.
  path: Assets/Prefabs
  artifactKey: Guid(26c947158eaafef45bfea11a00983851) Importer(815301076,1909f56bfc062723c751e8b465ee728b)
Start importing Assets/Prefabs using Guid(26c947158eaafef45bfea11a00983851) Importer(815301076,1909f56bfc062723c751e8b465ee728b)  -> (artifact id: '48c8144b8dc40768ff8233aa38301dfa') in 0.002431 seconds
Number of updated asset objects reloaded before import = 0
Number of asset objects unloaded after import = 0
========================================================================
Received Import Request.
  Time since last request: 3.031122 seconds.
  path: Assets/Prefabs/Cube.prefab
  artifactKey: Guid(cd25dfae89b709b4b9ac7e0fb6f4cbb6) Importer(815301076,1909f56bfc062723c751e8b465ee728b)
Start importing Assets/Prefabs/Cube.prefab using Guid(cd25dfae89b709b4b9ac7e0fb6f4cbb6) Importer(815301076,1909f56bfc062723c751e8b465ee728b)  -> (artifact id: '84dbba3a6e5433c64e91f84810b3f21f') in 0.130013 seconds
Number of updated asset objects reloaded before import = 0
Number of asset objects unloaded after import = 7
========================================================================
Received Import Request.
  Time since last request: 21.443531 seconds.
  path: Assets/PrefabBrushSample
  artifactKey: Guid(33b5b6c974ad75f42b06a230627caee0) Importer(815301076,1909f56bfc062723c751e8b465ee728b)
Start importing Assets/PrefabBrushSample using Guid(33b5b6c974ad75f42b06a230627caee0) Importer(815301076,1909f56bfc062723c751e8b465ee728b)  -> (artifact id: '56a7b14e616c0cee6ee23ec1ca0de92f') in 0.000512 seconds
Number of updated asset objects reloaded before import = 0
Number of asset objects unloaded after import = 0
========================================================================
Received Import Request.
  Time since last request: 7.206381 seconds.
  path: Assets/GameObjectBrush/Prefabs/Sphere Blue.prefab
  artifactKey: Guid(016c4ca0f636067458fe0e143e1e04e7) Importer(815301076,1909f56bfc062723c751e8b465ee728b)
Start importing Assets/GameObjectBrush/Prefabs/Sphere Blue.prefab using Guid(016c4ca0f636067458fe0e143e1e04e7) Importer(815301076,1909f56bfc062723c751e8b465ee728b)  -> (artifact id: 'cea7ee6afae7597f1b2138c19c354524') in 0.124420 seconds
Number of updated asset objects reloaded before import = 0
Number of asset objects unloaded after import = 8
========================================================================
Received Import Request.
  Time since last request: 0.000034 seconds.
  path: Assets/GameObjectBrush/Prefabs/Sphere Red.prefab
  artifactKey: Guid(bdd5dcad4de836a419cf32db900a9fd3) Importer(815301076,1909f56bfc062723c751e8b465ee728b)
Start importing Assets/GameObjectBrush/Prefabs/Sphere Red.prefab using Guid(bdd5dcad4de836a419cf32db900a9fd3) Importer(815301076,1909f56bfc062723c751e8b465ee728b)  -> (artifact id: '22e127cd0dc2cfd3e5ee15a5d3fba336') in 0.106790 seconds
Number of updated asset objects reloaded before import = 0
Number of asset objects unloaded after import = 8
========================================================================
Received Import Request.
  Time since last request: 0.000030 seconds.
  path: Assets/GameObjectBrush/Prefabs/Sphere Yellow.prefab
  artifactKey: Guid(a01b48a42191b0b438a6c8b4f3394643) Importer(815301076,1909f56bfc062723c751e8b465ee728b)
Start importing Assets/GameObjectBrush/Prefabs/Sphere Yellow.prefab using Guid(a01b48a42191b0b438a6c8b4f3394643) Importer(815301076,1909f56bfc062723c751e8b465ee728b)  -> (artifact id: '8c0ad25ad19bbab5ab9b8b49138e208d') in 0.035772 seconds
Number of updated asset objects reloaded before import = 0
Number of asset objects unloaded after import = 8
========================================================================
Received Import Request.
  Time since last request: 25.921583 seconds.
  path: Assets/PrefabBrushSample/Prefabs/Sphere.prefab
  artifactKey: Guid(5e18f70c48e9f324581692654c4238e1) Importer(815301076,1909f56bfc062723c751e8b465ee728b)
Start importing Assets/PrefabBrushSample/Prefabs/Sphere.prefab using Guid(5e18f70c48e9f324581692654c4238e1) Importer(815301076,1909f56bfc062723c751e8b465ee728b)  -> (artifact id: 'ffe3f8186d6da82d25bc628c97264ec5') in 0.017929 seconds
Number of updated asset objects reloaded before import = 0
Number of asset objects unloaded after import = 7
========================================================================
Received Import Request.
  Time since last request: 14.279704 seconds.
  path: Assets/PrefabBrushSample/Materials
  artifactKey: Guid(31f98cd753207e048a42e11988609c15) Importer(815301076,1909f56bfc062723c751e8b465ee728b)
Start importing Assets/PrefabBrushSample/Materials using Guid(31f98cd753207e048a42e11988609c15) Importer(815301076,1909f56bfc062723c751e8b465ee728b)  -> (artifact id: '4d164c25432377d152421151f44d9678') in 0.000480 seconds
Number of updated asset objects reloaded before import = 0
Number of asset objects unloaded after import = 0
========================================================================
Received Import Request.
  Time since last request: 10.274347 seconds.
  path: Assets/PrefabBrushSample/Materials/Red.mat
  artifactKey: Guid(d03cf711e278c544ea72b76d0da94e88) Importer(815301076,1909f56bfc062723c751e8b465ee728b)
Start importing Assets/PrefabBrushSample/Materials/Red.mat using Guid(d03cf711e278c544ea72b76d0da94e88) Importer(815301076,1909f56bfc062723c751e8b465ee728b)  -> (artifact id: 'd6f67b03e4146bfafcd9f3078bc7577e') in 0.051894 seconds
Number of updated asset objects reloaded before import = 0
Number of asset objects unloaded after import = 1
========================================================================
Received Import Request.
  Time since last request: 1.768025 seconds.
  path: Assets/PrefabBrushSample/Materials/Red 1.mat
  artifactKey: Guid(7fc15b602d00b7249a9a56cfa8014ae7) Importer(815301076,1909f56bfc062723c751e8b465ee728b)
Start importing Assets/PrefabBrushSample/Materials/Red 1.mat using Guid(7fc15b602d00b7249a9a56cfa8014ae7) Importer(815301076,1909f56bfc062723c751e8b465ee728b)  -> (artifact id: '312142dbdaded57541a8da4490e4783a') in 0.016966 seconds
Number of updated asset objects reloaded before import = 0
Number of asset objects unloaded after import = 1
========================================================================
Received Import Request.
  Time since last request: 0.259885 seconds.
  path: Assets/PrefabBrushSample/Materials/Red 2.mat
  artifactKey: Guid(040d7f46296f12740ac3b221a173def4) Importer(815301076,1909f56bfc062723c751e8b465ee728b)
Start importing Assets/PrefabBrushSample/Materials/Red 2.mat using Guid(040d7f46296f12740ac3b221a173def4) Importer(815301076,1909f56bfc062723c751e8b465ee728b)  -> (artifact id: 'fba8452699fdb6a88d8d65146169847f') in 0.022768 seconds
Number of updated asset objects reloaded before import = 0
Number of asset objects unloaded after import = 1
========================================================================
Received Import Request.
  Time since last request: 3.479052 seconds.
  path: Assets/PrefabBrushSample/Materials/Green.mat
  artifactKey: Guid(040d7f46296f12740ac3b221a173def4) Importer(815301076,1909f56bfc062723c751e8b465ee728b)
Start importing Assets/PrefabBrushSample/Materials/Green.mat using Guid(040d7f46296f12740ac3b221a173def4) Importer(815301076,1909f56bfc062723c751e8b465ee728b)  -> (artifact id: 'e2a423f170541190505762782b4acaf7') in 0.021162 seconds
Number of updated asset objects reloaded before import = 0
Number of asset objects unloaded after import = 1
========================================================================
Received Import Request.
  Time since last request: 3.488762 seconds.
  path: Assets/PrefabBrushSample/Materials/Blue.mat
  artifactKey: Guid(7fc15b602d00b7249a9a56cfa8014ae7) Importer(815301076,1909f56bfc062723c751e8b465ee728b)
Start importing Assets/PrefabBrushSample/Materials/Blue.mat using Guid(7fc15b602d00b7249a9a56cfa8014ae7) Importer(815301076,1909f56bfc062723c751e8b465ee728b)  -> (artifact id: 'd58f317d8a11eaa26b0fcf4872387cb7') in 0.018898 seconds
Number of updated asset objects reloaded before import = 0
Number of asset objects unloaded after import = 1
========================================================================
Received Import Request.
  Time since last request: 41.124204 seconds.
  path: Assets/PrefabBrushSample/Scenes
  artifactKey: Guid(54f59b511343d704781169465bd1d6f8) Importer(815301076,1909f56bfc062723c751e8b465ee728b)
Start importing Assets/PrefabBrushSample/Scenes using Guid(54f59b511343d704781169465bd1d6f8) Importer(815301076,1909f56bfc062723c751e8b465ee728b)  -> (artifact id: '0c2d323ee6adf1c2b5df710a63c7a695') in 0.003185 seconds
Number of updated asset objects reloaded before import = 0
Number of asset objects unloaded after import = 0
========================================================================
Received Import Request.
  Time since last request: 63.142936 seconds.
  path: Assets/PrefabBrushSample/Materials/MatelRed.mat
  artifactKey: Guid(7fc15b602d00b7249a9a56cfa8014ae7) Importer(815301076,1909f56bfc062723c751e8b465ee728b)
Start importing Assets/PrefabBrushSample/Materials/MatelRed.mat using Guid(7fc15b602d00b7249a9a56cfa8014ae7) Importer(815301076,1909f56bfc062723c751e8b465ee728b)  -> (artifact id: '4779a94e7c20478db336aaede36c9f60') in 0.018825 seconds
Number of updated asset objects reloaded before import = 0
Number of asset objects unloaded after import = 1
========================================================================
Received Import Request.
  Time since last request: 0.513136 seconds.
  path: Assets/PrefabBrushSample/Materials/MatelRed 1.mat
  artifactKey: Guid(9536a6d5f6d239f47b06c4124496df0b) Importer(815301076,1909f56bfc062723c751e8b465ee728b)
Start importing Assets/PrefabBrushSample/Materials/MatelRed 1.mat using Guid(9536a6d5f6d239f47b06c4124496df0b) Importer(815301076,1909f56bfc062723c751e8b465ee728b)  -> (artifact id: 'b5156a0708896cd06fb731436fa71b07') in 0.016511 seconds
Number of updated asset objects reloaded before import = 0
Number of asset objects unloaded after import = 1
========================================================================
Received Import Request.
  Time since last request: 0.152005 seconds.
  path: Assets/PrefabBrushSample/Materials/MatelRed 2.mat
  artifactKey: Guid(ca1681004521e8a47865f0484562cf23) Importer(815301076,1909f56bfc062723c751e8b465ee728b)
Start importing Assets/PrefabBrushSample/Materials/MatelRed 2.mat using Guid(ca1681004521e8a47865f0484562cf23) Importer(815301076,1909f56bfc062723c751e8b465ee728b)  -> (artifact id: 'cef81fb6104c15d1099bb110ffb9e653') in 0.022421 seconds
Number of updated asset objects reloaded before import = 0
Number of asset objects unloaded after import = 1
========================================================================
Received Import Request.
  Time since last request: 3.890353 seconds.
  path: Assets/PrefabBrushSample/Materials/MatelBlue.mat
  artifactKey: Guid(ca1681004521e8a47865f0484562cf23) Importer(815301076,1909f56bfc062723c751e8b465ee728b)
Start importing Assets/PrefabBrushSample/Materials/MatelBlue.mat using Guid(ca1681004521e8a47865f0484562cf23) Importer(815301076,1909f56bfc062723c751e8b465ee728b)  -> (artifact id: '60dd2f67da4f6dbdf78623a03edd0629') in 0.021189 seconds
Number of updated asset objects reloaded before import = 0
Number of asset objects unloaded after import = 1
========================================================================
Received Import Request.
  Time since last request: 8.487512 seconds.
  path: Assets/PrefabBrushSample/Materials/MatalGreen.mat
  artifactKey: Guid(9536a6d5f6d239f47b06c4124496df0b) Importer(815301076,1909f56bfc062723c751e8b465ee728b)
Start importing Assets/PrefabBrushSample/Materials/MatalGreen.mat using Guid(9536a6d5f6d239f47b06c4124496df0b) Importer(815301076,1909f56bfc062723c751e8b465ee728b)  -> (artifact id: '43ad163660414d9ceeec5685aa0b9fec') in 0.021590 seconds
Number of updated asset objects reloaded before import = 0
Number of asset objects unloaded after import = 1
========================================================================
Received Import Request.
  Time since last request: 3.491118 seconds.
  path: Assets/PrefabBrushSample/Materials/MatalBlue.mat
  artifactKey: Guid(ca1681004521e8a47865f0484562cf23) Importer(815301076,1909f56bfc062723c751e8b465ee728b)
Start importing Assets/PrefabBrushSample/Materials/MatalBlue.mat using Guid(ca1681004521e8a47865f0484562cf23) Importer(815301076,1909f56bfc062723c751e8b465ee728b)  -> (artifact id: 'afe032e4ad19ba224520d14ec9cf4133') in 0.020475 seconds
Number of updated asset objects reloaded before import = 0
Number of asset objects unloaded after import = 1
========================================================================
Received Import Request.
  Time since last request: 4.037209 seconds.
  path: Assets/PrefabBrushSample/Materials/MatalRed.mat
  artifactKey: Guid(7fc15b602d00b7249a9a56cfa8014ae7) Importer(815301076,1909f56bfc062723c751e8b465ee728b)
Start importing Assets/PrefabBrushSample/Materials/MatalRed.mat using Guid(7fc15b602d00b7249a9a56cfa8014ae7) Importer(815301076,1909f56bfc062723c751e8b465ee728b)  -> (artifact id: 'daa70920ae2c2c404d11c25ed458a89b') in 0.023264 seconds
Number of updated asset objects reloaded before import = 0
Number of asset objects unloaded after import = 1
========================================================================
Received Import Request.
  Time since last request: 60.645765 seconds.
  path: Assets/PrefabBrushSample/Prefabs/Sphere.prefab
  artifactKey: Guid(5e18f70c48e9f324581692654c4238e1) Importer(815301076,1909f56bfc062723c751e8b465ee728b)
Start importing Assets/PrefabBrushSample/Prefabs/Sphere.prefab using Guid(5e18f70c48e9f324581692654c4238e1) Importer(815301076,1909f56bfc062723c751e8b465ee728b)  -> (artifact id: 'fa05aeb02a52f9a91fb192b9b6ddd5bd') in 0.020178 seconds
Number of updated asset objects reloaded before import = 0
Number of asset objects unloaded after import = 8
========================================================================
Received Import Request.
  Time since last request: 23.156914 seconds.
  path: Assets/PrefabBrushSample/Materials/MatalBlu.mat
  artifactKey: Guid(7fc15b602d00b7249a9a56cfa8014ae7) Importer(815301076,1909f56bfc062723c751e8b465ee728b)
Start importing Assets/PrefabBrushSample/Materials/MatalBlu.mat using Guid(7fc15b602d00b7249a9a56cfa8014ae7) Importer(815301076,1909f56bfc062723c751e8b465ee728b)  -> (artifact id: '784b0014ceeca60d288c1f37a647b2f6') in 0.021591 seconds
Number of updated asset objects reloaded before import = 0
Number of asset objects unloaded after import = 1
========================================================================
Received Import Request.
  Time since last request: 4.477022 seconds.
  path: Assets/PrefabBrushSample/Materials/MatalRed.mat
  artifactKey: Guid(ca1681004521e8a47865f0484562cf23) Importer(815301076,1909f56bfc062723c751e8b465ee728b)
Start importing Assets/PrefabBrushSample/Materials/MatalRed.mat using Guid(ca1681004521e8a47865f0484562cf23) Importer(815301076,1909f56bfc062723c751e8b465ee728b)  -> (artifact id: 'c287912c5e2b86a65005bae133879ab3') in 0.020210 seconds
Number of updated asset objects reloaded before import = 0
Number of asset objects unloaded after import = 1
========================================================================
Received Import Request.
  Time since last request: 2.329804 seconds.
  path: Assets/PrefabBrushSample/Materials/MatalBlue.mat
  artifactKey: Guid(7fc15b602d00b7249a9a56cfa8014ae7) Importer(815301076,1909f56bfc062723c751e8b465ee728b)
Start importing Assets/PrefabBrushSample/Materials/MatalBlue.mat using Guid(7fc15b602d00b7249a9a56cfa8014ae7) Importer(815301076,1909f56bfc062723c751e8b465ee728b)  -> (artifact id: '5260b7206fdb458f0db5e7213fb4a908') in 0.018921 seconds
Number of updated asset objects reloaded before import = 0
Number of asset objects unloaded after import = 1
========================================================================
Received Import Request.
  Time since last request: 11.119953 seconds.
  path: Assets/PrefabBrushSample/Prefabs/Cube.prefab
  artifactKey: Guid(cd25dfae89b709b4b9ac7e0fb6f4cbb6) Importer(815301076,1909f56bfc062723c751e8b465ee728b)
Start importing Assets/PrefabBrushSample/Prefabs/Cube.prefab using Guid(cd25dfae89b709b4b9ac7e0fb6f4cbb6) Importer(815301076,1909f56bfc062723c751e8b465ee728b)  -> (artifact id: '308c7a6f32a27dbbf8b9d8c827526636') in 0.033906 seconds
Number of updated asset objects reloaded before import = 0
Number of asset objects unloaded after import = 8
========================================================================
Received Import Request.
  Time since last request: 21.508616 seconds.
  path: Assets/PrefabBrushSample/Prefabs/Sphere.prefab
  artifactKey: Guid(5e18f70c48e9f324581692654c4238e1) Importer(815301076,1909f56bfc062723c751e8b465ee728b)
Start importing Assets/PrefabBrushSample/Prefabs/Sphere.prefab using Guid(5e18f70c48e9f324581692654c4238e1) Importer(815301076,1909f56bfc062723c751e8b465ee728b)  -> (artifact id: '22b34d8da1eeedf74c657ba66c0becb1') in 0.014831 seconds
Number of updated asset objects reloaded before import = 0
Number of asset objects unloaded after import = 8
========================================================================
Received Import Request.
  Time since last request: 287.738923 seconds.
  path: Assets/GameObjectBrush/Scripts
  artifactKey: Guid(895da6ff5e6a03c468cbe9f428c19192) Importer(815301076,1909f56bfc062723c751e8b465ee728b)
Start importing Assets/GameObjectBrush/Scripts using Guid(895da6ff5e6a03c468cbe9f428c19192) Importer(815301076,1909f56bfc062723c751e8b465ee728b)  -> (artifact id: 'c5211ecccb8efc29f863978d6001f0c7') in 0.039097 seconds
Number of updated asset objects reloaded before import = 0
Number of asset objects unloaded after import = 0
========================================================================
Received Import Request.
  Time since last request: 1.058347 seconds.
  path: Assets/GameObjectBrush/Scripts/Editor
  artifactKey: Guid(e11335c4251119447bef97729e45fa7c) Importer(815301076,1909f56bfc062723c751e8b465ee728b)
Start importing Assets/GameObjectBrush/Scripts/Editor using Guid(e11335c4251119447bef97729e45fa7c) Importer(815301076,1909f56bfc062723c751e8b465ee728b)  -> (artifact id: 'c4f6bbed39a3b0a92adb9eeeecfccfc0') in 0.038819 seconds
Number of updated asset objects reloaded before import = 0
Number of asset objects unloaded after import = 0
========================================================================
Received Import Request.
  Time since last request: 3.639005 seconds.
  path: Assets/GameObjectBrush/Scripts/Editor/BrushObject.cs
  artifactKey: Guid(a5270bb9e7c6f8f4a9fb9d1b7e4325aa) Importer(815301076,1909f56bfc062723c751e8b465ee728b)
Start importing Assets/GameObjectBrush/Scripts/Editor/BrushObject.cs using Guid(a5270bb9e7c6f8f4a9fb9d1b7e4325aa) Importer(815301076,1909f56bfc062723c751e8b465ee728b)  -> (artifact id: 'cc696a621b1607f435e750d3b1e79ba7') in 0.000748 seconds
Number of updated asset objects reloaded before import = 0
Number of asset objects unloaded after import = 0
========================================================================
Received Import Request.
  Time since last request: 1.104213 seconds.
  path: Assets/GameObjectBrush/Scripts/Editor/AddObjectPopup.cs
  artifactKey: Guid(f5a1ab4eb76cb9741b511a120b2701a2) Importer(815301076,1909f56bfc062723c751e8b465ee728b)
Start importing Assets/GameObjectBrush/Scripts/Editor/AddObjectPopup.cs using Guid(f5a1ab4eb76cb9741b511a120b2701a2) Importer(815301076,1909f56bfc062723c751e8b465ee728b)  -> (artifact id: '472d08565ab2fff25521f909374e612b') in 0.000611 seconds
Number of updated asset objects reloaded before import = 0
Number of asset objects unloaded after import = 0
========================================================================
Received Import Request.
  Time since last request: 1.896004 seconds.
  path: Assets/GameObjectBrush/Scripts/Editor/BrushCollection.cs
  artifactKey: Guid(77dee27d70c5da5478ac4fbd771b4410) Importer(815301076,1909f56bfc062723c751e8b465ee728b)
Start importing Assets/GameObjectBrush/Scripts/Editor/BrushCollection.cs using Guid(77dee27d70c5da5478ac4fbd771b4410) Importer(815301076,1909f56bfc062723c751e8b465ee728b)  -> (artifact id: '9ab5ae4c98ec97c20a053ff60bfaa37b') in 0.000639 seconds
Number of updated asset objects reloaded before import = 0
Number of asset objects unloaded after import = 0
========================================================================
Received Import Request.
  Time since last request: 1.698505 seconds.
  path: Assets/GameObjectBrush/Scripts/Editor/GameObjectBrushEditor.cs
  artifactKey: Guid(738fdffa35318a4409d212b6acedf6e9) Importer(815301076,1909f56bfc062723c751e8b465ee728b)
Start importing Assets/GameObjectBrush/Scripts/Editor/GameObjectBrushEditor.cs using Guid(738fdffa35318a4409d212b6acedf6e9) Importer(815301076,1909f56bfc062723c751e8b465ee728b)  -> (artifact id: '2db67a59e51da4cf24bdaadb412fc908') in 0.000505 seconds
Number of updated asset objects reloaded before import = 0
Number of asset objects unloaded after import = 0
========================================================================
Received Import Request.
  Time since last request: 1.505246 seconds.
  path: Assets/GameObjectBrush/Scripts/Editor/StringPopupDialog.cs
  artifactKey: Guid(f7b9e87e032a0d9448cdfd90bbe8fa57) Importer(815301076,1909f56bfc062723c751e8b465ee728b)
Start importing Assets/GameObjectBrush/Scripts/Editor/StringPopupDialog.cs using Guid(f7b9e87e032a0d9448cdfd90bbe8fa57) Importer(815301076,1909f56bfc062723c751e8b465ee728b)  -> (artifact id: '7857324d19abb5a18ffd4acaafc58627') in 0.000691 seconds
Number of updated asset objects reloaded before import = 0
Number of asset objects unloaded after import = 0
========================================================================
Received Prepare
Begin MonoManager ReloadAssembly
- Loaded All Assemblies, in  0.566 seconds
Refreshing native plugins compatible for Editor in 5.71 ms, found 3 plugins.
Native extension for WindowsStandalone target not found
Native extension for WebGL target not found
[Package Manager] Server::EnsureServerProcessIsRunning -- launch failed, reason: Unity was launched with the -noUpm command-line argument
[Package Manager] UpmClient::Send -- Unable to send message (not connected to UPM process).
[Package Manager] Cannot connect to Unity Package Manager local server
Mono: successfully reloaded assembly
- Finished resetting the current domain, in  1.051 seconds
Domain Reload Profiling: 1614ms
	BeginReloadAssembly (214ms)
		ExecutionOrderSort (0ms)
		DisableScriptedObjects (6ms)
		BackupInstance (0ms)
		ReleaseScriptingObjects (0ms)
		CreateAndSetChildDomain (65ms)
	RebuildCommonClasses (46ms)
	RebuildNativeTypeToScriptingClass (15ms)
	initialDomainReloadingComplete (35ms)
	LoadAllAssembliesAndSetupDomain (251ms)
		LoadAssemblies (335ms)
		RebuildTransferFunctionScriptingTraits (0ms)
		AnalyzeDomain (26ms)
			TypeCache.Refresh (8ms)
				TypeCache.ScanAssembly (0ms)
			ScanForSourceGeneratedMonoScriptInfo (8ms)
			ResolveRequiredComponents (5ms)
	FinalizeReload (1052ms)
		ReleaseScriptCaches (0ms)
		RebuildScriptCaches (0ms)
		SetupLoadedEditorAssemblies (448ms)
			LogAssemblyErrors (0ms)
			InitializePlatformSupportModulesInManaged (9ms)
			SetLoadedEditorAssemblies (5ms)
			RefreshPlugins (0ms)
			BeforeProcessingInitializeOnLoad (58ms)
			ProcessInitializeOnLoadAttributes (339ms)
			ProcessInitializeOnLoadMethodAttributes (28ms)
			AfterProcessingInitializeOnLoad (9ms)
			EditorAssembliesLoaded (0ms)
		ExecutionOrderSort2 (0ms)
		AwakeInstancesAfterBackupRestoration (18ms)
Refreshing native plugins compatible for Editor in 3.72 ms, found 3 plugins.
Preloading 0 native plugins for Editor in 0.00 ms.
Unloading 3067 Unused Serialized files (Serialized files now loaded: 0)
Unloading 21 unused Assets / (29.7 KB). Loaded Objects now: 3587.
Memory consumption went from 118.3 MB to 118.3 MB.
Total: 2.330900 ms (FindLiveObjects: 0.206900 ms CreateObjectMapping: 0.087800 ms MarkObjects: 1.993900 ms  DeleteObjects: 0.041300 ms)

Prepare: number of updated asset objects reloaded= 0
AssetImportParameters requested are different than current active one (requested -> active):
  custom:container-demuxer-ogg: 62fdf1f143b41e24485cea50d1cbac27 -> 
  custom:video-codec-MediaFoundation-h265: 746d11721c4dcdbdad8f713fa42b33f4 -> 
  custom:video-decoder-ogg-theora: a1e56fd34408186e4bbccfd4996cb3dc -> 
  custom:framework-win-MediaFoundation: 216162199b28c13a410421893ffa2e32 -> 
  custom:CustomObjectIndexerAttribute: 756ad292c208cfabdd7b50bc23989ffe -> 
  custom:container-demuxer-webm: 4f35f7cbe854078d1ac9338744f61a02 -> 
  custom:container-muxer-webm: aa71ff27fc2769a1b78a27578f13a17b -> 
  custom:video-decoder-webm-vp8: 9c59270c3fd7afecdb556c50c9e8de78 -> 
  custom:SearchIndexIgnoredProperties: e643bd26f0fe6173181afceb89e7c659 -> 
  custom:AudioImporter_EditorPlatform: d09bf68614088b80899f8185d706f6e7 -> 
  custom:video-encoder-webm-vp8: eb34c28f22e8b96e1ab97ce403110664 -> 
  custom:audio-decoder-ogg-vorbis: bf7c407c2cedff20999df2af8eb42d56 -> 
  custom:audio-encoder-webm-vorbis: bf7c407c2cedff20999df2af8eb42d56 -> 
========================================================================
Received Prepare
Begin MonoManager ReloadAssembly
- Loaded All Assemblies, in  0.479 seconds
Refreshing native plugins compatible for Editor in 4.13 ms, found 3 plugins.
Native extension for WindowsStandalone target not found
Native extension for WebGL target not found
[Package Manager] Server::EnsureServerProcessIsRunning -- launch failed, reason: Unity was launched with the -noUpm command-line argument
[Package Manager] UpmClient::Send -- Unable to send message (not connected to UPM process).
[Package Manager] Cannot connect to Unity Package Manager local server
Mono: successfully reloaded assembly
- Finished resetting the current domain, in  1.045 seconds
Domain Reload Profiling: 1520ms
	BeginReloadAssembly (160ms)
		ExecutionOrderSort (0ms)
		DisableScriptedObjects (6ms)
		BackupInstance (0ms)
		ReleaseScriptingObjects (0ms)
		CreateAndSetChildDomain (37ms)
	RebuildCommonClasses (43ms)
	RebuildNativeTypeToScriptingClass (13ms)
	initialDomainReloadingComplete (33ms)
	LoadAllAssembliesAndSetupDomain (226ms)
		LoadAssemblies (284ms)
		RebuildTransferFunctionScriptingTraits (0ms)
		AnalyzeDomain (27ms)
			TypeCache.Refresh (11ms)
				TypeCache.ScanAssembly (0ms)
			ScanForSourceGeneratedMonoScriptInfo (10ms)
			ResolveRequiredComponents (4ms)
	FinalizeReload (1045ms)
		ReleaseScriptCaches (0ms)
		RebuildScriptCaches (0ms)
		SetupLoadedEditorAssemblies (405ms)
			LogAssemblyErrors (0ms)
			InitializePlatformSupportModulesInManaged (11ms)
			SetLoadedEditorAssemblies (6ms)
			RefreshPlugins (0ms)
			BeforeProcessingInitializeOnLoad (56ms)
			ProcessInitializeOnLoadAttributes (299ms)
			ProcessInitializeOnLoadMethodAttributes (26ms)
			AfterProcessingInitializeOnLoad (8ms)
			EditorAssembliesLoaded (0ms)
		ExecutionOrderSort2 (0ms)
		AwakeInstancesAfterBackupRestoration (17ms)
Refreshing native plugins compatible for Editor in 4.09 ms, found 3 plugins.
Preloading 0 native plugins for Editor in 0.00 ms.
Unloading 3067 Unused Serialized files (Serialized files now loaded: 0)
Unloading 21 unused Assets / (29.6 KB). Loaded Objects now: 3590.
Memory consumption went from 118.3 MB to 118.3 MB.
Total: 3.103800 ms (FindLiveObjects: 0.269700 ms CreateObjectMapping: 0.126700 ms MarkObjects: 2.653700 ms  DeleteObjects: 0.052300 ms)

Prepare: number of updated asset objects reloaded= 0
AssetImportParameters requested are different than current active one (requested -> active):
  custom:container-demuxer-ogg: 62fdf1f143b41e24485cea50d1cbac27 -> 
  custom:video-codec-MediaFoundation-h265: 746d11721c4dcdbdad8f713fa42b33f4 -> 
  custom:video-decoder-ogg-theora: a1e56fd34408186e4bbccfd4996cb3dc -> 
  custom:framework-win-MediaFoundation: 216162199b28c13a410421893ffa2e32 -> 
  custom:CustomObjectIndexerAttribute: 756ad292c208cfabdd7b50bc23989ffe -> 
  custom:container-demuxer-webm: 4f35f7cbe854078d1ac9338744f61a02 -> 
  custom:container-muxer-webm: aa71ff27fc2769a1b78a27578f13a17b -> 
  custom:video-decoder-webm-vp8: 9c59270c3fd7afecdb556c50c9e8de78 -> 
  custom:SearchIndexIgnoredProperties: e643bd26f0fe6173181afceb89e7c659 -> 
  custom:AudioImporter_EditorPlatform: d09bf68614088b80899f8185d706f6e7 -> 
  custom:video-encoder-webm-vp8: eb34c28f22e8b96e1ab97ce403110664 -> 
  custom:audio-decoder-ogg-vorbis: bf7c407c2cedff20999df2af8eb42d56 -> 
  custom:audio-encoder-webm-vorbis: bf7c407c2cedff20999df2af8eb42d56 -> 
========================================================================
Received Prepare
Begin MonoManager ReloadAssembly
- Loaded All Assemblies, in  1.156 seconds
Refreshing native plugins compatible for Editor in 8.66 ms, found 3 plugins.
Native extension for WindowsStandalone target not found
Native extension for WebGL target not found
[Package Manager] Server::EnsureServerProcessIsRunning -- launch failed, reason: Unity was launched with the -noUpm command-line argument
[Package Manager] UpmClient::Send -- Unable to send message (not connected to UPM process).
[Package Manager] Cannot connect to Unity Package Manager local server
Mono: successfully reloaded assembly
- Finished resetting the current domain, in  1.287 seconds
Domain Reload Profiling: 2435ms
	BeginReloadAssembly (400ms)
		ExecutionOrderSort (0ms)
		DisableScriptedObjects (11ms)
		BackupInstance (0ms)
		ReleaseScriptingObjects (0ms)
		CreateAndSetChildDomain (83ms)
	RebuildCommonClasses (81ms)
	RebuildNativeTypeToScriptingClass (35ms)
	initialDomainReloadingComplete (83ms)
	LoadAllAssembliesAndSetupDomain (548ms)
		LoadAssemblies (724ms)
		RebuildTransferFunctionScriptingTraits (0ms)
		AnalyzeDomain (63ms)
			TypeCache.Refresh (24ms)
				TypeCache.ScanAssembly (1ms)
			ScanForSourceGeneratedMonoScriptInfo (22ms)
			ResolveRequiredComponents (14ms)
	FinalizeReload (1288ms)
		ReleaseScriptCaches (0ms)
		RebuildScriptCaches (0ms)
		SetupLoadedEditorAssemblies (447ms)
			LogAssemblyErrors (0ms)
			InitializePlatformSupportModulesInManaged (8ms)
			SetLoadedEditorAssemblies (6ms)
			RefreshPlugins (0ms)
			BeforeProcessingInitializeOnLoad (71ms)
			ProcessInitializeOnLoadAttributes (330ms)
			ProcessInitializeOnLoadMethodAttributes (22ms)
			AfterProcessingInitializeOnLoad (9ms)
			EditorAssembliesLoaded (0ms)
		ExecutionOrderSort2 (0ms)
		AwakeInstancesAfterBackupRestoration (17ms)
Refreshing native plugins compatible for Editor in 3.22 ms, found 3 plugins.
Preloading 0 native plugins for Editor in 0.00 ms.
Unloading 3067 Unused Serialized files (Serialized files now loaded: 0)
Unloading 21 unused Assets / (29.6 KB). Loaded Objects now: 3593.
Memory consumption went from 118.3 MB to 118.3 MB.
Total: 2.862600 ms (FindLiveObjects: 0.212300 ms CreateObjectMapping: 0.085100 ms MarkObjects: 2.520200 ms  DeleteObjects: 0.044200 ms)

Prepare: number of updated asset objects reloaded= 0
AssetImportParameters requested are different than current active one (requested -> active):
  custom:container-demuxer-ogg: 62fdf1f143b41e24485cea50d1cbac27 -> 
  custom:video-codec-MediaFoundation-h265: 746d11721c4dcdbdad8f713fa42b33f4 -> 
  custom:video-decoder-ogg-theora: a1e56fd34408186e4bbccfd4996cb3dc -> 
  custom:framework-win-MediaFoundation: 216162199b28c13a410421893ffa2e32 -> 
  custom:CustomObjectIndexerAttribute: 756ad292c208cfabdd7b50bc23989ffe -> 
  custom:container-demuxer-webm: 4f35f7cbe854078d1ac9338744f61a02 -> 
  custom:container-muxer-webm: aa71ff27fc2769a1b78a27578f13a17b -> 
  custom:video-decoder-webm-vp8: 9c59270c3fd7afecdb556c50c9e8de78 -> 
  custom:SearchIndexIgnoredProperties: e643bd26f0fe6173181afceb89e7c659 -> 
  custom:AudioImporter_EditorPlatform: d09bf68614088b80899f8185d706f6e7 -> 
  custom:video-encoder-webm-vp8: eb34c28f22e8b96e1ab97ce403110664 -> 
  custom:audio-decoder-ogg-vorbis: bf7c407c2cedff20999df2af8eb42d56 -> 
  custom:audio-encoder-webm-vorbis: bf7c407c2cedff20999df2af8eb42d56 -> 
========================================================================
Received Prepare
Begin MonoManager ReloadAssembly
- Loaded All Assemblies, in  1.223 seconds
Refreshing native plugins compatible for Editor in 12.35 ms, found 3 plugins.
Native extension for WindowsStandalone target not found
Native extension for WebGL target not found
[Package Manager] Server::EnsureServerProcessIsRunning -- launch failed, reason: Unity was launched with the -noUpm command-line argument
[Package Manager] UpmClient::Send -- Unable to send message (not connected to UPM process).
[Package Manager] Cannot connect to Unity Package Manager local server
Mono: successfully reloaded assembly
- Finished resetting the current domain, in  1.301 seconds
Domain Reload Profiling: 2516ms
	BeginReloadAssembly (393ms)
		ExecutionOrderSort (0ms)
		DisableScriptedObjects (15ms)
		BackupInstance (0ms)
		ReleaseScriptingObjects (0ms)
		CreateAndSetChildDomain (73ms)
	RebuildCommonClasses (86ms)
	RebuildNativeTypeToScriptingClass (36ms)
	initialDomainReloadingComplete (89ms)
	LoadAllAssembliesAndSetupDomain (610ms)
		LoadAssemblies (789ms)
		RebuildTransferFunctionScriptingTraits (0ms)
		AnalyzeDomain (62ms)
			TypeCache.Refresh (24ms)
				TypeCache.ScanAssembly (1ms)
			ScanForSourceGeneratedMonoScriptInfo (23ms)
			ResolveRequiredComponents (11ms)
	FinalizeReload (1302ms)
		ReleaseScriptCaches (0ms)
		RebuildScriptCaches (0ms)
		SetupLoadedEditorAssemblies (407ms)
			LogAssemblyErrors (0ms)
			InitializePlatformSupportModulesInManaged (7ms)
			SetLoadedEditorAssemblies (5ms)
			RefreshPlugins (0ms)
			BeforeProcessingInitializeOnLoad (60ms)
			ProcessInitializeOnLoadAttributes (306ms)
			ProcessInitializeOnLoadMethodAttributes (19ms)
			AfterProcessingInitializeOnLoad (10ms)
			EditorAssembliesLoaded (0ms)
		ExecutionOrderSort2 (0ms)
		AwakeInstancesAfterBackupRestoration (13ms)
Refreshing native plugins compatible for Editor in 3.22 ms, found 3 plugins.
Preloading 0 native plugins for Editor in 0.00 ms.
Unloading 3067 Unused Serialized files (Serialized files now loaded: 0)
Unloading 21 unused Assets / (29.6 KB). Loaded Objects now: 3596.
Memory consumption went from 118.3 MB to 118.3 MB.
Total: 2.438600 ms (FindLiveObjects: 0.228000 ms CreateObjectMapping: 0.092600 ms MarkObjects: 2.075400 ms  DeleteObjects: 0.041500 ms)

Prepare: number of updated asset objects reloaded= 0
AssetImportParameters requested are different than current active one (requested -> active):
  custom:container-demuxer-ogg: 62fdf1f143b41e24485cea50d1cbac27 -> 
  custom:video-codec-MediaFoundation-h265: 746d11721c4dcdbdad8f713fa42b33f4 -> 
  custom:video-decoder-ogg-theora: a1e56fd34408186e4bbccfd4996cb3dc -> 
  custom:framework-win-MediaFoundation: 216162199b28c13a410421893ffa2e32 -> 
  custom:CustomObjectIndexerAttribute: 756ad292c208cfabdd7b50bc23989ffe -> 
  custom:container-demuxer-webm: 4f35f7cbe854078d1ac9338744f61a02 -> 
  custom:container-muxer-webm: aa71ff27fc2769a1b78a27578f13a17b -> 
  custom:video-decoder-webm-vp8: 9c59270c3fd7afecdb556c50c9e8de78 -> 
  custom:SearchIndexIgnoredProperties: e643bd26f0fe6173181afceb89e7c659 -> 
  custom:AudioImporter_EditorPlatform: d09bf68614088b80899f8185d706f6e7 -> 
  custom:video-encoder-webm-vp8: eb34c28f22e8b96e1ab97ce403110664 -> 
  custom:audio-decoder-ogg-vorbis: bf7c407c2cedff20999df2af8eb42d56 -> 
  custom:audio-encoder-webm-vorbis: bf7c407c2cedff20999df2af8eb42d56 -> 
========================================================================
Received Prepare
Begin MonoManager ReloadAssembly
- Loaded All Assemblies, in  1.103 seconds
Refreshing native plugins compatible for Editor in 9.41 ms, found 3 plugins.
Native extension for WindowsStandalone target not found
Native extension for WebGL target not found
[Package Manager] Server::EnsureServerProcessIsRunning -- launch failed, reason: Unity was launched with the -noUpm command-line argument
[Package Manager] UpmClient::Send -- Unable to send message (not connected to UPM process).
[Package Manager] Cannot connect to Unity Package Manager local server
Mono: successfully reloaded assembly
- Finished resetting the current domain, in  1.208 seconds
Domain Reload Profiling: 2300ms
	BeginReloadAssembly (360ms)
		ExecutionOrderSort (0ms)
		DisableScriptedObjects (14ms)
		BackupInstance (0ms)
		ReleaseScriptingObjects (0ms)
		CreateAndSetChildDomain (78ms)
	RebuildCommonClasses (89ms)
	RebuildNativeTypeToScriptingClass (41ms)
	initialDomainReloadingComplete (73ms)
	LoadAllAssembliesAndSetupDomain (529ms)
		LoadAssemblies (681ms)
		RebuildTransferFunctionScriptingTraits (0ms)
		AnalyzeDomain (56ms)
			TypeCache.Refresh (22ms)
				TypeCache.ScanAssembly (0ms)
			ScanForSourceGeneratedMonoScriptInfo (21ms)
			ResolveRequiredComponents (10ms)
	FinalizeReload (1209ms)
		ReleaseScriptCaches (0ms)
		RebuildScriptCaches (0ms)
		SetupLoadedEditorAssemblies (417ms)
			LogAssemblyErrors (0ms)
			InitializePlatformSupportModulesInManaged (7ms)
			SetLoadedEditorAssemblies (4ms)
			RefreshPlugins (0ms)
			BeforeProcessingInitializeOnLoad (64ms)
			ProcessInitializeOnLoadAttributes (310ms)
			ProcessInitializeOnLoadMethodAttributes (23ms)
			AfterProcessingInitializeOnLoad (9ms)
			EditorAssembliesLoaded (0ms)
		ExecutionOrderSort2 (0ms)
		AwakeInstancesAfterBackupRestoration (16ms)
Refreshing native plugins compatible for Editor in 4.00 ms, found 3 plugins.
Preloading 0 native plugins for Editor in 0.00 ms.
Unloading 3067 Unused Serialized files (Serialized files now loaded: 0)
Unloading 21 unused Assets / (29.6 KB). Loaded Objects now: 3599.
Memory consumption went from 118.3 MB to 118.3 MB.
Total: 2.893300 ms (FindLiveObjects: 0.271900 ms CreateObjectMapping: 0.116700 ms MarkObjects: 2.449200 ms  DeleteObjects: 0.053800 ms)

Prepare: number of updated asset objects reloaded= 0
AssetImportParameters requested are different than current active one (requested -> active):
  custom:container-demuxer-ogg: 62fdf1f143b41e24485cea50d1cbac27 -> 
  custom:video-codec-MediaFoundation-h265: 746d11721c4dcdbdad8f713fa42b33f4 -> 
  custom:video-decoder-ogg-theora: a1e56fd34408186e4bbccfd4996cb3dc -> 
  custom:framework-win-MediaFoundation: 216162199b28c13a410421893ffa2e32 -> 
  custom:CustomObjectIndexerAttribute: 756ad292c208cfabdd7b50bc23989ffe -> 
  custom:container-demuxer-webm: 4f35f7cbe854078d1ac9338744f61a02 -> 
  custom:container-muxer-webm: aa71ff27fc2769a1b78a27578f13a17b -> 
  custom:video-decoder-webm-vp8: 9c59270c3fd7afecdb556c50c9e8de78 -> 
  custom:SearchIndexIgnoredProperties: e643bd26f0fe6173181afceb89e7c659 -> 
  custom:AudioImporter_EditorPlatform: d09bf68614088b80899f8185d706f6e7 -> 
  custom:video-encoder-webm-vp8: eb34c28f22e8b96e1ab97ce403110664 -> 
  custom:audio-decoder-ogg-vorbis: bf7c407c2cedff20999df2af8eb42d56 -> 
  custom:audio-encoder-webm-vorbis: bf7c407c2cedff20999df2af8eb42d56 -> 
========================================================================
Received Prepare
Begin MonoManager ReloadAssembly
- Loaded All Assemblies, in  1.172 seconds
Refreshing native plugins compatible for Editor in 8.61 ms, found 3 plugins.
Native extension for WindowsStandalone target not found
Native extension for WebGL target not found
[Package Manager] Server::EnsureServerProcessIsRunning -- launch failed, reason: Unity was launched with the -noUpm command-line argument
[Package Manager] UpmClient::Send -- Unable to send message (not connected to UPM process).
[Package Manager] Cannot connect to Unity Package Manager local server
Mono: successfully reloaded assembly
- Finished resetting the current domain, in  2.517 seconds
Domain Reload Profiling: 3681ms
	BeginReloadAssembly (382ms)
		ExecutionOrderSort (0ms)
		DisableScriptedObjects (19ms)
		BackupInstance (0ms)
		ReleaseScriptingObjects (0ms)
		CreateAndSetChildDomain (67ms)
	RebuildCommonClasses (95ms)
	RebuildNativeTypeToScriptingClass (36ms)
	initialDomainReloadingComplete (66ms)
	LoadAllAssembliesAndSetupDomain (584ms)
		LoadAssemblies (760ms)
		RebuildTransferFunctionScriptingTraits (0ms)
		AnalyzeDomain (59ms)
			TypeCache.Refresh (16ms)
				TypeCache.ScanAssembly (0ms)
			ScanForSourceGeneratedMonoScriptInfo (32ms)
			ResolveRequiredComponents (10ms)
	FinalizeReload (2518ms)
		ReleaseScriptCaches (0ms)
		RebuildScriptCaches (0ms)
		SetupLoadedEditorAssemblies (974ms)
			LogAssemblyErrors (0ms)
			InitializePlatformSupportModulesInManaged (22ms)
			SetLoadedEditorAssemblies (11ms)
			RefreshPlugins (0ms)
			BeforeProcessingInitializeOnLoad (159ms)
			ProcessInitializeOnLoadAttributes (728ms)
			ProcessInitializeOnLoadMethodAttributes (36ms)
			AfterProcessingInitializeOnLoad (18ms)
			EditorAssembliesLoaded (0ms)
		ExecutionOrderSort2 (0ms)
		AwakeInstancesAfterBackupRestoration (22ms)
Script is not up to date after domain reload: guid(efe35ae469c512b41991fefcba605e76) path("Assets/Editor/PrefabBrush.cs") state(2)
Refreshing native plugins compatible for Editor in 10.80 ms, found 3 plugins.
Preloading 0 native plugins for Editor in 0.00 ms.
Unloading 3067 Unused Serialized files (Serialized files now loaded: 0)
Unloading 21 unused Assets / (29.7 KB). Loaded Objects now: 3602.
Memory consumption went from 118.3 MB to 118.3 MB.
Total: 8.004000 ms (FindLiveObjects: 0.568300 ms CreateObjectMapping: 0.309900 ms MarkObjects: 7.017300 ms  DeleteObjects: 0.105800 ms)

Prepare: number of updated asset objects reloaded= 0
AssetImportParameters requested are different than current active one (requested -> active):
  custom:container-demuxer-ogg: 62fdf1f143b41e24485cea50d1cbac27 -> 
  custom:video-codec-MediaFoundation-h265: 746d11721c4dcdbdad8f713fa42b33f4 -> 
  custom:video-decoder-ogg-theora: a1e56fd34408186e4bbccfd4996cb3dc -> 
  custom:framework-win-MediaFoundation: 216162199b28c13a410421893ffa2e32 -> 
  custom:CustomObjectIndexerAttribute: 756ad292c208cfabdd7b50bc23989ffe -> 
  custom:container-demuxer-webm: 4f35f7cbe854078d1ac9338744f61a02 -> 
  custom:container-muxer-webm: aa71ff27fc2769a1b78a27578f13a17b -> 
  custom:video-decoder-webm-vp8: 9c59270c3fd7afecdb556c50c9e8de78 -> 
  custom:SearchIndexIgnoredProperties: e643bd26f0fe6173181afceb89e7c659 -> 
  custom:AudioImporter_EditorPlatform: d09bf68614088b80899f8185d706f6e7 -> 
  custom:video-encoder-webm-vp8: eb34c28f22e8b96e1ab97ce403110664 -> 
  custom:audio-decoder-ogg-vorbis: bf7c407c2cedff20999df2af8eb42d56 -> 
  custom:audio-encoder-webm-vorbis: bf7c407c2cedff20999df2af8eb42d56 -> 
========================================================================
Received Prepare
Begin MonoManager ReloadAssembly
- Loaded All Assemblies, in  1.204 seconds
Refreshing native plugins compatible for Editor in 13.20 ms, found 3 plugins.
Native extension for WindowsStandalone target not found
Native extension for WebGL target not found
[Package Manager] Server::EnsureServerProcessIsRunning -- launch failed, reason: Unity was launched with the -noUpm command-line argument
[Package Manager] UpmClient::Send -- Unable to send message (not connected to UPM process).
[Package Manager] Cannot connect to Unity Package Manager local server
Mono: successfully reloaded assembly
- Finished resetting the current domain, in  1.177 seconds
Domain Reload Profiling: 2369ms
	BeginReloadAssembly (392ms)
		ExecutionOrderSort (0ms)
		DisableScriptedObjects (11ms)
		BackupInstance (0ms)
		ReleaseScriptingObjects (0ms)
		CreateAndSetChildDomain (74ms)
	RebuildCommonClasses (103ms)
	RebuildNativeTypeToScriptingClass (34ms)
	initialDomainReloadingComplete (91ms)
	LoadAllAssembliesAndSetupDomain (572ms)
		LoadAssemblies (751ms)
		RebuildTransferFunctionScriptingTraits (0ms)
		AnalyzeDomain (60ms)
			TypeCache.Refresh (20ms)
				TypeCache.ScanAssembly (1ms)
			ScanForSourceGeneratedMonoScriptInfo (21ms)
			ResolveRequiredComponents (15ms)
	FinalizeReload (1177ms)
		ReleaseScriptCaches (0ms)
		RebuildScriptCaches (0ms)
		SetupLoadedEditorAssemblies (506ms)
			LogAssemblyErrors (0ms)
			InitializePlatformSupportModulesInManaged (7ms)
			SetLoadedEditorAssemblies (4ms)
			RefreshPlugins (0ms)
			BeforeProcessingInitializeOnLoad (77ms)
			ProcessInitializeOnLoadAttributes (384ms)
			ProcessInitializeOnLoadMethodAttributes (23ms)
			AfterProcessingInitializeOnLoad (10ms)
			EditorAssembliesLoaded (0ms)
		ExecutionOrderSort2 (0ms)
		AwakeInstancesAfterBackupRestoration (17ms)
Refreshing native plugins compatible for Editor in 2.82 ms, found 3 plugins.
Preloading 0 native plugins for Editor in 0.00 ms.
Unloading 3067 Unused Serialized files (Serialized files now loaded: 0)
Unloading 21 unused Assets / (29.7 KB). Loaded Objects now: 3605.
Memory consumption went from 118.3 MB to 118.3 MB.
Total: 3.899400 ms (FindLiveObjects: 0.768200 ms CreateObjectMapping: 0.103100 ms MarkObjects: 2.985100 ms  DeleteObjects: 0.041200 ms)

Prepare: number of updated asset objects reloaded= 0
AssetImportParameters requested are different than current active one (requested -> active):
  custom:container-demuxer-ogg: 62fdf1f143b41e24485cea50d1cbac27 -> 
  custom:video-codec-MediaFoundation-h265: 746d11721c4dcdbdad8f713fa42b33f4 -> 
  custom:video-decoder-ogg-theora: a1e56fd34408186e4bbccfd4996cb3dc -> 
  custom:framework-win-MediaFoundation: 216162199b28c13a410421893ffa2e32 -> 
  custom:CustomObjectIndexerAttribute: 756ad292c208cfabdd7b50bc23989ffe -> 
  custom:container-demuxer-webm: 4f35f7cbe854078d1ac9338744f61a02 -> 
  custom:container-muxer-webm: aa71ff27fc2769a1b78a27578f13a17b -> 
  custom:video-decoder-webm-vp8: 9c59270c3fd7afecdb556c50c9e8de78 -> 
  custom:SearchIndexIgnoredProperties: e643bd26f0fe6173181afceb89e7c659 -> 
  custom:AudioImporter_EditorPlatform: d09bf68614088b80899f8185d706f6e7 -> 
  custom:video-encoder-webm-vp8: eb34c28f22e8b96e1ab97ce403110664 -> 
  custom:audio-decoder-ogg-vorbis: bf7c407c2cedff20999df2af8eb42d56 -> 
  custom:audio-encoder-webm-vorbis: bf7c407c2cedff20999df2af8eb42d56 -> 
========================================================================
Received Prepare
Begin MonoManager ReloadAssembly
- Loaded All Assemblies, in  1.067 seconds
Refreshing native plugins compatible for Editor in 6.95 ms, found 3 plugins.
Native extension for WindowsStandalone target not found
Native extension for WebGL target not found
[Package Manager] Server::EnsureServerProcessIsRunning -- launch failed, reason: Unity was launched with the -noUpm command-line argument
[Package Manager] UpmClient::Send -- Unable to send message (not connected to UPM process).
[Package Manager] Cannot connect to Unity Package Manager local server
Mono: successfully reloaded assembly
- Finished resetting the current domain, in  2.276 seconds
Domain Reload Profiling: 3336ms
	BeginReloadAssembly (377ms)
		ExecutionOrderSort (0ms)
		DisableScriptedObjects (12ms)
		BackupInstance (0ms)
		ReleaseScriptingObjects (0ms)
		CreateAndSetChildDomain (78ms)
	RebuildCommonClasses (102ms)
	RebuildNativeTypeToScriptingClass (22ms)
	initialDomainReloadingComplete (83ms)
	LoadAllAssembliesAndSetupDomain (476ms)
		LoadAssemblies (644ms)
		RebuildTransferFunctionScriptingTraits (0ms)
		AnalyzeDomain (54ms)
			TypeCache.Refresh (19ms)
				TypeCache.ScanAssembly (1ms)
			ScanForSourceGeneratedMonoScriptInfo (19ms)
			ResolveRequiredComponents (12ms)
	FinalizeReload (2277ms)
		ReleaseScriptCaches (0ms)
		RebuildScriptCaches (0ms)
		SetupLoadedEditorAssemblies (790ms)
			LogAssemblyErrors (0ms)
			InitializePlatformSupportModulesInManaged (20ms)
			SetLoadedEditorAssemblies (12ms)
			RefreshPlugins (0ms)
			BeforeProcessingInitializeOnLoad (157ms)
			ProcessInitializeOnLoadAttributes (554ms)
			ProcessInitializeOnLoadMethodAttributes (32ms)
			AfterProcessingInitializeOnLoad (14ms)
			EditorAssembliesLoaded (0ms)
		ExecutionOrderSort2 (0ms)
		AwakeInstancesAfterBackupRestoration (33ms)
Refreshing native plugins compatible for Editor in 7.19 ms, found 3 plugins.
Preloading 0 native plugins for Editor in 0.00 ms.
Unloading 3067 Unused Serialized files (Serialized files now loaded: 0)
Unloading 21 unused Assets / (29.6 KB). Loaded Objects now: 3608.
Memory consumption went from 118.3 MB to 118.3 MB.
Total: 3.720500 ms (FindLiveObjects: 0.363100 ms CreateObjectMapping: 0.138100 ms MarkObjects: 3.134000 ms  DeleteObjects: 0.083100 ms)

Prepare: number of updated asset objects reloaded= 0
AssetImportParameters requested are different than current active one (requested -> active):
  custom:container-demuxer-ogg: 62fdf1f143b41e24485cea50d1cbac27 -> 
  custom:video-codec-MediaFoundation-h265: 746d11721c4dcdbdad8f713fa42b33f4 -> 
  custom:video-decoder-ogg-theora: a1e56fd34408186e4bbccfd4996cb3dc -> 
  custom:framework-win-MediaFoundation: 216162199b28c13a410421893ffa2e32 -> 
  custom:CustomObjectIndexerAttribute: 756ad292c208cfabdd7b50bc23989ffe -> 
  custom:container-demuxer-webm: 4f35f7cbe854078d1ac9338744f61a02 -> 
  custom:container-muxer-webm: aa71ff27fc2769a1b78a27578f13a17b -> 
  custom:video-decoder-webm-vp8: 9c59270c3fd7afecdb556c50c9e8de78 -> 
  custom:SearchIndexIgnoredProperties: e643bd26f0fe6173181afceb89e7c659 -> 
  custom:AudioImporter_EditorPlatform: d09bf68614088b80899f8185d706f6e7 -> 
  custom:video-encoder-webm-vp8: eb34c28f22e8b96e1ab97ce403110664 -> 
  custom:audio-decoder-ogg-vorbis: bf7c407c2cedff20999df2af8eb42d56 -> 
  custom:audio-encoder-webm-vorbis: bf7c407c2cedff20999df2af8eb42d56 -> 
